<?xml version="1.0" encoding="UTF-8"?>
<!DOCTYPE properties SYSTEM "http://java.sun.com/dtd/properties.dtd">
<properties version="1.0">
  <comment>Test run arguments (ets-cat30)</comment>
  <entry key="iut">http://demo.pycsw.org/cite/csw?service=CSW&amp;request=GetCapabilities</entry>
</properties>
